\BOOKMARK [-1][-]{part.1}{I\040Unit\040Guide}{}% 1
\BOOKMARK [0][-]{chapter.1}{Markdown\040Files}{part.1}% 2
\BOOKMARK [1][-]{section.1.1}{What\040is\040MyST?}{chapter.1}% 3
\BOOKMARK [1][-]{section.1.2}{Sample\040Roles\040and\040Directives}{chapter.1}% 4
\BOOKMARK [1][-]{section.1.3}{Citations}{chapter.1}% 5
\BOOKMARK [1][-]{section.1.4}{Learn\040more}{chapter.1}% 6
\BOOKMARK [-1][-]{part.2}{II\040Lecture\040Notes\040and\040Tutorial\040Exericses}{}% 7
\BOOKMARK [0][-]{chapter.2}{Interpolating\040Polynomial}{part.2}% 8
\BOOKMARK [1][-]{section.2.1}{Finite\040Difference\040Tables\040and\040Notations}{chapter.2}% 9
\BOOKMARK [1][-]{section.2.2}{Gregory-Newton\040Interpolation\040Formulae}{chapter.2}% 10
\BOOKMARK [1][-]{section.2.3}{Exercise\(1\)}{chapter.2}% 11
\BOOKMARK [0][-]{chapter.3}{Multistep\040Methods:\040Derivation\040by\040Finite\040Difference\040formulae}{part.2}% 12
\BOOKMARK [1][-]{section.3.1}{Multistep\040Methods}{chapter.3}% 13
\BOOKMARK [1][-]{section.3.2}{Derivation\040of\040Multistep\040Methods\040by\040Numerical\040Integration}{chapter.3}% 14
\BOOKMARK [1][-]{section.3.3}{Explicit}{chapter.3}% 15
\BOOKMARK [1][-]{section.3.4}{Implicit\040or\040Closed\040Multistep\040Methods}{chapter.3}% 16
\BOOKMARK [0][-]{chapter.4}{Content\040with\040notebooks}{part.2}% 17
\BOOKMARK [1][-]{section.4.1}{Markdown\040+\040notebooks}{chapter.4}% 18
\BOOKMARK [1][-]{section.4.2}{MyST\040markdown}{chapter.4}% 19
\BOOKMARK [1][-]{section.4.3}{Code\040blocks\040and\040outputs}{chapter.4}% 20
\BOOKMARK [-1][-]{part.3}{III\040MATLAB\040Documentation\040for\040ODE\040solvers}{}% 21
\BOOKMARK [0][-]{chapter.5}{Notebooks\040with\040MyST\040Markdown}{part.3}% 22
\BOOKMARK [1][-]{section.5.1}{An\040example\040cell}{chapter.5}% 23
\BOOKMARK [1][-]{section.5.2}{Create\040a\040notebook\040with\040MyST\040Markdown}{chapter.5}% 24
\BOOKMARK [1][-]{section.5.3}{Quickly\040add\040YAML\040metadata\040for\040MyST\040Notebooks}{chapter.5}% 25
\BOOKMARK [0][-]{chapter*.3}{Bibliography}{part.3}% 26
